[2025-07-15T16:49:25.447012+00:00] gravitycar.ERROR: Error building table users for graviton Users: The table with name "gravitycar4.users" already exists. [] []
[2025-07-15T16:51:59.202290+00:00] gravitycar.ERROR: Error building table users for graviton Users: The table with name "gravitycar4.users" already exists. [] []
[2025-07-15T16:54:25.425908+00:00] gravitycar.ERROR: Error building table users for graviton Users: The table with name "gravitycar4.users" already exists. [] []
[2025-07-15T18:23:47.734921+00:00] gravitycar.DEBUG: Class Gravitycar\Gravitons\Templates\Templates does not exist. Skipping. [] []
[2025-07-15T18:24:17.975281+00:00] gravitycar.DEBUG: Class Gravitycar\Gravitons\Templates\Templates does not exist. Skipping. [] []
[2025-07-15T18:47:19.294275+00:00] gravitycar.DEBUG: Class Gravitycar\Gravitons\Templates\Templates does not exist. Skipping. [] []
[2025-07-15T18:47:19.380730+00:00] gravitycar.ERROR: Error building or syncing table movies for graviton Movies: Unknown property 'label' in field definition for field 'name' [] []
[2025-07-15T18:47:19.390665+00:00] gravitycar.ERROR: Error building or syncing table users for graviton Users: Unknown property 'label' in field definition for field 'name' [] []
[2025-07-15T18:48:54.905034+00:00] gravitycar.DEBUG: Class Gravitycar\Gravitons\Templates\Templates does not exist. Skipping. [] []
[2025-07-15T18:50:50.311758+00:00] gravitycar.DEBUG: Class Gravitycar\Gravitons\Templates\Templates does not exist. Skipping. [] []
[2025-07-15T18:51:26.304839+00:00] gravitycar.ERROR: Error building or syncing table movies for graviton Movies: Field class 'Gravitycar\src\Fields\URLField' does not exist [] []
[2025-07-15T18:52:58.771492+00:00] gravitycar.DEBUG: Class Gravitycar\Gravitons\Templates\Templates does not exist. Skipping. [] []
[2025-07-15T18:55:21.092928+00:00] gravitycar.ERROR: Error building or syncing table movies for graviton Movies: An exception occurred while executing a query: SQLSTATE[42S01]: Base table or view already exists: 1050 Table 'users' already exists [] []
[2025-07-15T18:55:24.533614+00:00] gravitycar.DEBUG: Class Gravitycar\Gravitons\Templates\Templates does not exist. Skipping. [] []
[2025-07-15T19:04:41.377922+00:00] gravitycar.DEBUG: Class Gravitycar\Gravitons\Templates\Templates does not exist. Skipping. [] []
[2025-07-15T19:05:07.882315+00:00] gravitycar.DEBUG: Class Gravitycar\Gravitons\Templates\Templates does not exist. Skipping. [] []
[2025-07-15T19:06:17.735465+00:00] gravitycar.DEBUG: Class Gravitycar\Gravitons\Templates\Templates does not exist. Skipping. [] []
[2025-07-15T19:06:19.876244+00:00] gravitycar.DEBUG: Executing SQL to create table movies: CREATE TABLE movies (id VARCHAR(36) DEFAULT '' NOT NULL, name VARCHAR(255) DEFAULT '', date_created DATETIME DEFAULT NULL, date_updated DATETIME DEFAULT NULL, created_by_id VARCHAR(36) DEFAULT NULL, updated_by_id VARCHAR(36) DEFAULT NULL, deleted TINYINT(1) DEFAULT 0 NOT NULL, synopsis VARCHAR(16384) DEFAULT '', imdb_url VARCHAR(255) DEFAULT NULL, movie_poster VARCHAR(500) DEFAULT '', PRIMARY KEY(id)) DEFAULT CHARACTER SET utf8 COLLATE `utf8_unicode_ci` ENGINE = InnoDB [] []
[2025-07-15T19:06:43.943500+00:00] gravitycar.DEBUG: Class Gravitycar\Gravitons\Templates\Templates does not exist. Skipping. [] []
[2025-07-15T19:06:46.233279+00:00] gravitycar.DEBUG: Executing SQL to create table movies: CREATE TABLE movies (id VARCHAR(36) DEFAULT '' NOT NULL, name VARCHAR(255) DEFAULT '', date_created DATETIME DEFAULT NULL, date_updated DATETIME DEFAULT NULL, created_by_id VARCHAR(36) DEFAULT NULL, updated_by_id VARCHAR(36) DEFAULT NULL, deleted TINYINT(1) DEFAULT 0 NOT NULL, synopsis VARCHAR(16384) DEFAULT '', imdb_url VARCHAR(255) DEFAULT NULL, movie_poster VARCHAR(500) DEFAULT '', PRIMARY KEY(id)) DEFAULT CHARACTER SET utf8 COLLATE `utf8_unicode_ci` ENGINE = InnoDB [] []
[2025-07-15T20:53:31.950327+00:00] gravitycar.DEBUG: Class Gravitycar\Gravitons\Templates\Templates does not exist. Skipping. [] []
[2025-07-15T20:53:32.051072+00:00] gravitycar.DEBUG: Executing SQL to create table movie_quotes: CREATE TABLE movie_quotes (id VARCHAR(36) DEFAULT '' NOT NULL, name VARCHAR(255) DEFAULT '', date_created DATETIME DEFAULT NULL, date_updated DATETIME DEFAULT NULL, created_by_id VARCHAR(36) DEFAULT NULL, updated_by_id VARCHAR(36) DEFAULT NULL, deleted TINYINT(1) DEFAULT 0 NOT NULL, movie_id VARCHAR(36) DEFAULT NULL, PRIMARY KEY(id)) DEFAULT CHARACTER SET utf8 COLLATE `utf8_unicode_ci` ENGINE = InnoDB [] []
